2014-10-20 16:24:34,775 - [32m[32mâ”Œâ”€â”€â”€â”€â”€â”€â”€â”€â”€â”€â”€â”€â”€â”€â”€â”€â”€â”€â”€â”€â”€â”€â”€â”€â”[0m[0m
2014-10-20 16:24:34,776 - [32m[32m|  Start CatchU server   |[0m[0m
2014-10-20 16:24:34,776 - [32m[32m| Design by : Sean Chen  |[0m[0m
2014-10-20 16:24:34,776 - [32m[32mâ””â”€â”€â”€â”€â”€â”€â”€â”€â”€â”€â”€â”€â”€â”€â”€â”€â”€â”€â”€â”€â”€â”€â”€â”€â”˜[0m[0m
2014-10-20 16:24:34,911 - [32m[32mâ”Œâ”€â”€â”€â”€â”€â”€â”€â”€â”€â”€â”€â”€â”€â”€â”€â”€â”€â”€â”€â”€â”€â”€â”€â”€â”[0m[0m
2014-10-20 16:24:34,911 - [32m[32m|  Start CatchU server   |[0m[0m
2014-10-20 16:24:34,911 - [32m[32m| Design by : Sean Chen  |[0m[0m
2014-10-20 16:24:34,911 - [32m[32mâ””â”€â”€â”€â”€â”€â”€â”€â”€â”€â”€â”€â”€â”€â”€â”€â”€â”€â”€â”€â”€â”€â”€â”€â”€â”˜[0m[0m
2014-10-20 16:24:39,100 - [32m[32mâ”Œâ”€â”€â”€â”€â”€â”€â”€â”€â”€â”€â”€â”€â”€â”€â”€â”€â”€â”€â”€â”€â”€â”€â”€â”€â”[0m[0m
2014-10-20 16:24:39,101 - [32m[32m|  Start CatchU server   |[0m[0m
2014-10-20 16:24:39,101 - [32m[32m| Design by : Sean Chen  |[0m[0m
2014-10-20 16:24:39,101 - [32m[32mâ””â”€â”€â”€â”€â”€â”€â”€â”€â”€â”€â”€â”€â”€â”€â”€â”€â”€â”€â”€â”€â”€â”€â”€â”€â”˜[0m[0m
2014-10-20 16:24:49,357 - [32m[32mâ”Œâ”€â”€â”€â”€â”€â”€â”€â”€â”€â”€â”€â”€â”€â”€â”€â”€â”€â”€â”€â”€â”€â”€â”€â”€â”[0m[0m
2014-10-20 16:24:49,357 - [32m[32m|  Start CatchU server   |[0m[0m
2014-10-20 16:24:49,357 - [32m[32m| Design by : Sean Chen  |[0m[0m
2014-10-20 16:24:49,357 - [32m[32mâ””â”€â”€â”€â”€â”€â”€â”€â”€â”€â”€â”€â”€â”€â”€â”€â”€â”€â”€â”€â”€â”€â”€â”€â”€â”˜[0m[0m
2014-10-20 16:25:18,071 - [32m[32mâ”Œâ”€â”€â”€â”€â”€â”€â”€â”€â”€â”€â”€â”€â”€â”€â”€â”€â”€â”€â”€â”€â”€â”€â”€â”€â”[0m[0m
2014-10-20 16:25:18,072 - [32m[32m|  Start CatchU server   |[0m[0m
2014-10-20 16:25:18,072 - [32m[32m| Design by : Sean Chen  |[0m[0m
2014-10-20 16:25:18,072 - [32m[32mâ””â”€â”€â”€â”€â”€â”€â”€â”€â”€â”€â”€â”€â”€â”€â”€â”€â”€â”€â”€â”€â”€â”€â”€â”€â”˜[0m[0m
2014-10-20 16:25:18,212 - [32m[32mâ”Œâ”€â”€â”€â”€â”€â”€â”€â”€â”€â”€â”€â”€â”€â”€â”€â”€â”€â”€â”€â”€â”€â”€â”€â”€â”[0m[0m
2014-10-20 16:25:18,212 - [32m[32m|  Start CatchU server   |[0m[0m
2014-10-20 16:25:18,212 - [32m[32m| Design by : Sean Chen  |[0m[0m
2014-10-20 16:25:18,212 - [32m[32mâ””â”€â”€â”€â”€â”€â”€â”€â”€â”€â”€â”€â”€â”€â”€â”€â”€â”€â”€â”€â”€â”€â”€â”€â”€â”˜[0m[0m
2014-10-20 16:26:59,225 - [32m[32mâ”Œâ”€â”€â”€â”€â”€â”€â”€â”€â”€â”€â”€â”€â”€â”€â”€â”€â”€â”€â”€â”€â”€â”€â”€â”€â”[0m[0m
2014-10-20 16:26:59,226 - [32m[32m|  Start CatchU server   |[0m[0m
2014-10-20 16:26:59,226 - [32m[32m| Design by : Sean Chen  |[0m[0m
2014-10-20 16:26:59,226 - [32m[32mâ””â”€â”€â”€â”€â”€â”€â”€â”€â”€â”€â”€â”€â”€â”€â”€â”€â”€â”€â”€â”€â”€â”€â”€â”€â”˜[0m[0m
2014-10-20 16:27:13,689 - [32m[32mâ”Œâ”€â”€â”€â”€â”€â”€â”€â”€â”€â”€â”€â”€â”€â”€â”€â”€â”€â”€â”€â”€â”€â”€â”€â”€â”[0m[0m
2014-10-20 16:27:13,689 - [32m[32m|  Start CatchU server   |[0m[0m
2014-10-20 16:27:13,689 - [32m[32m| Design by : Sean Chen  |[0m[0m
2014-10-20 16:27:13,690 - [32m[32mâ””â”€â”€â”€â”€â”€â”€â”€â”€â”€â”€â”€â”€â”€â”€â”€â”€â”€â”€â”€â”€â”€â”€â”€â”€â”˜[0m[0m
2014-10-20 16:27:17,047 - [32m[32mâ”Œâ”€â”€â”€â”€â”€â”€â”€â”€â”€â”€â”€â”€â”€â”€â”€â”€â”€â”€â”€â”€â”€â”€â”€â”€â”[0m[0m
2014-10-20 16:27:17,047 - [32m[32m|  Start CatchU server   |[0m[0m
2014-10-20 16:27:17,047 - [32m[32m| Design by : Sean Chen  |[0m[0m
2014-10-20 16:27:17,047 - [32m[32mâ””â”€â”€â”€â”€â”€â”€â”€â”€â”€â”€â”€â”€â”€â”€â”€â”€â”€â”€â”€â”€â”€â”€â”€â”€â”˜[0m[0m
2014-10-20 16:27:17,187 - [32m[32mâ”Œâ”€â”€â”€â”€â”€â”€â”€â”€â”€â”€â”€â”€â”€â”€â”€â”€â”€â”€â”€â”€â”€â”€â”€â”€â”[0m[0m
2014-10-20 16:27:17,187 - [32m[32m|  Start CatchU server   |[0m[0m
2014-10-20 16:27:17,187 - [32m[32m| Design by : Sean Chen  |[0m[0m
2014-10-20 16:27:17,187 - [32m[32mâ””â”€â”€â”€â”€â”€â”€â”€â”€â”€â”€â”€â”€â”€â”€â”€â”€â”€â”€â”€â”€â”€â”€â”€â”€â”˜[0m[0m
2014-10-20 16:27:30,441 - [32m[32mâ”Œâ”€â”€â”€â”€â”€â”€â”€â”€â”€â”€â”€â”€â”€â”€â”€â”€â”€â”€â”€â”€â”€â”€â”€â”€â”[0m[0m
2014-10-20 16:27:30,441 - [32m[32m|  Start CatchU server   |[0m[0m
2014-10-20 16:27:30,441 - [32m[32m| Design by : Sean Chen  |[0m[0m
2014-10-20 16:27:30,442 - [32m[32mâ””â”€â”€â”€â”€â”€â”€â”€â”€â”€â”€â”€â”€â”€â”€â”€â”€â”€â”€â”€â”€â”€â”€â”€â”€â”˜[0m[0m
2014-10-20 16:27:42,013 - [32m[32mâ”Œâ”€â”€â”€â”€â”€â”€â”€â”€â”€â”€â”€â”€â”€â”€â”€â”€â”€â”€â”€â”€â”€â”€â”€â”€â”[0m[0m
2014-10-20 16:27:42,014 - [32m[32m|  Start CatchU server   |[0m[0m
2014-10-20 16:27:42,014 - [32m[32m| Design by : Sean Chen  |[0m[0m
2014-10-20 16:27:42,014 - [32m[32mâ””â”€â”€â”€â”€â”€â”€â”€â”€â”€â”€â”€â”€â”€â”€â”€â”€â”€â”€â”€â”€â”€â”€â”€â”€â”˜[0m[0m
2014-10-20 16:27:42,151 - [32m[32mâ”Œâ”€â”€â”€â”€â”€â”€â”€â”€â”€â”€â”€â”€â”€â”€â”€â”€â”€â”€â”€â”€â”€â”€â”€â”€â”[0m[0m
2014-10-20 16:27:42,152 - [32m[32m|  Start CatchU server   |[0m[0m
2014-10-20 16:27:42,152 - [32m[32m| Design by : Sean Chen  |[0m[0m
2014-10-20 16:27:42,152 - [32m[32mâ””â”€â”€â”€â”€â”€â”€â”€â”€â”€â”€â”€â”€â”€â”€â”€â”€â”€â”€â”€â”€â”€â”€â”€â”€â”˜[0m[0m
2014-10-20 16:27:58,423 - [32m[32mâ”Œâ”€â”€â”€â”€â”€â”€â”€â”€â”€â”€â”€â”€â”€â”€â”€â”€â”€â”€â”€â”€â”€â”€â”€â”€â”[0m[0m
2014-10-20 16:27:58,423 - [32m[32m|  Start CatchU server   |[0m[0m
2014-10-20 16:27:58,423 - [32m[32m| Design by : Sean Chen  |[0m[0m
2014-10-20 16:27:58,423 - [32m[32mâ””â”€â”€â”€â”€â”€â”€â”€â”€â”€â”€â”€â”€â”€â”€â”€â”€â”€â”€â”€â”€â”€â”€â”€â”€â”˜[0m[0m
2014-10-20 16:28:01,791 - [32m[32mâ”Œâ”€â”€â”€â”€â”€â”€â”€â”€â”€â”€â”€â”€â”€â”€â”€â”€â”€â”€â”€â”€â”€â”€â”€â”€â”[0m[0m
2014-10-20 16:28:01,791 - [32m[32m|  Start CatchU server   |[0m[0m
2014-10-20 16:28:01,792 - [32m[32m| Design by : Sean Chen  |[0m[0m
2014-10-20 16:28:01,792 - [32m[32mâ””â”€â”€â”€â”€â”€â”€â”€â”€â”€â”€â”€â”€â”€â”€â”€â”€â”€â”€â”€â”€â”€â”€â”€â”€â”˜[0m[0m
2014-10-20 16:28:01,930 - [32m[32mâ”Œâ”€â”€â”€â”€â”€â”€â”€â”€â”€â”€â”€â”€â”€â”€â”€â”€â”€â”€â”€â”€â”€â”€â”€â”€â”[0m[0m
2014-10-20 16:28:01,930 - [32m[32m|  Start CatchU server   |[0m[0m
2014-10-20 16:28:01,930 - [32m[32m| Design by : Sean Chen  |[0m[0m
2014-10-20 16:28:01,930 - [32m[32mâ””â”€â”€â”€â”€â”€â”€â”€â”€â”€â”€â”€â”€â”€â”€â”€â”€â”€â”€â”€â”€â”€â”€â”€â”€â”˜[0m[0m
2014-10-20 16:28:33,279 - [32m[32mâ”Œâ”€â”€â”€â”€â”€â”€â”€â”€â”€â”€â”€â”€â”€â”€â”€â”€â”€â”€â”€â”€â”€â”€â”€â”€â”[0m[0m
2014-10-20 16:28:33,279 - [32m[32m|  Start CatchU server   |[0m[0m
2014-10-20 16:28:33,280 - [32m[32m| Design by : Sean Chen  |[0m[0m
2014-10-20 16:28:33,280 - [32m[32mâ””â”€â”€â”€â”€â”€â”€â”€â”€â”€â”€â”€â”€â”€â”€â”€â”€â”€â”€â”€â”€â”€â”€â”€â”€â”˜[0m[0m
2014-10-20 16:28:36,460 - [32m[32mâ”Œâ”€â”€â”€â”€â”€â”€â”€â”€â”€â”€â”€â”€â”€â”€â”€â”€â”€â”€â”€â”€â”€â”€â”€â”€â”[0m[0m
2014-10-20 16:28:36,460 - [32m[32m|  Start CatchU server   |[0m[0m
2014-10-20 16:28:36,460 - [32m[32m| Design by : Sean Chen  |[0m[0m
2014-10-20 16:28:36,460 - [32m[32mâ””â”€â”€â”€â”€â”€â”€â”€â”€â”€â”€â”€â”€â”€â”€â”€â”€â”€â”€â”€â”€â”€â”€â”€â”€â”˜[0m[0m
2014-10-21 09:16:47,287 - [32m[32m[Hello] Welcome user 127.0.0.1[0m[0m
2014-10-21 09:16:59,600 - [1;31m[1;31m[Login] Permission denied (127.0.0.1)[0m[0m
2014-10-21 09:17:18,788 - [32m[32m[Print] Add Printing <PID:006098>[0m[0m
2014-10-21 09:17:47,450 - [1;31m[1;31m[Print] Stop Printing <PID:002031>[0m[0m
2014-10-21 09:17:49,243 - [32m[32m[Print] Receive Printing <PID:004049>[0m[0m
2014-10-21 09:17:51,850 - [1;33m[1;33m[Print] Start Printing <PID:003024>[0m[0m
2014-10-21 09:17:53,579 - [1;31m[1;31m[Print] Stop Printing <PID:003024>[0m[0m
2014-10-21 09:17:54,689 - [1;33m[1;33m[Print] Start Printing <PID:001017>[0m[0m
2014-10-21 09:17:55,219 - [1;31m[1;31m[Print] Stop Printing <PID:001017>[0m[0m
2014-10-21 09:18:12,690 - [1;31m[1;31m[Print] Del Printing <PID:001017>[0m[0m
2014-10-21 09:18:13,625 - [1;31m[1;31m[Print] Del Printing <PID:002031>[0m[0m
2014-10-21 09:18:13,816 - [1;31m[1;31m[Print] Del Printing <PID:003024>[0m[0m
2014-10-21 09:18:13,981 - [1;31m[1;31m[Print] Del Printing <PID:005009>[0m[0m
2014-10-21 09:18:14,159 - [1;31m[1;31m[Print] Del Printing <PID:006098>[0m[0m
